app/api/auth/qr-token/route.ts(34,23): error TS7006: Parameter 'user' implicitly has an 'any' type.
app/api/dashboard/logs/route.ts(62,56): error TS7006: Parameter 'c' implicitly has an 'any' type.
app/api/dashboard/logs/route.ts(63,56): error TS7006: Parameter 'c' implicitly has an 'any' type.
app/api/dashboard/logs/route.ts(64,48): error TS7006: Parameter 'u' implicitly has an 'any' type.
app/api/dashboard/logs/route.ts(73,42): error TS2339: Property 'name' does not exist on type '{}'.
app/api/dashboard/logs/route.ts(80,50): error TS2339: Property 'name' does not exist on type '{}'.
app/api/dashboard/stats/route.ts(20,45): error TS7006: Parameter 'c' implicitly has an 'any' type.
app/api/dashboard/stats/route.ts(23,49): error TS7006: Parameter 'c' implicitly has an 'any' type.
app/api/dashboard/stats/route.ts(29,44): error TS7006: Parameter 'c' implicitly has an 'any' type.
app/api/dashboard/stats/route.ts(36,55): error TS7006: Parameter 'c' implicitly has an 'any' type.
app/api/history/cylinder/route.ts(136,32): error TS7006: Parameter 'c' implicitly has an 'any' type.
app/api/history/cylinder/route.ts(153,28): error TS7006: Parameter 'u' implicitly has an 'any' type.
app/api/history/cylinder/route.ts(169,37): error TS7006: Parameter 'r' implicitly has an 'any' type.
app/api/history/cylinder/route.ts(181,37): error TS7006: Parameter 'u' implicitly has an 'any' type.
app/api/master/cylinders/route.ts(90,22): error TS7006: Parameter 'r' implicitly has an 'any' type.
app/api/master/cylinders/route.ts(96,51): error TS7006: Parameter 'c' implicitly has an 'any' type.
app/api/master/cylinders/route.ts(98,44): error TS7006: Parameter 'c' implicitly has an 'any' type.
app/api/master/cylinders/route.ts(214,46): error TS7006: Parameter 'c' implicitly has an 'any' type.
app/api/master/cylinders/route.ts(304,50): error TS7006: Parameter 'c' implicitly has an 'any' type.
app/api/master/ledger-notes/route.ts(25,23): error TS2339: Property 'deposit' does not exist on type 'DailyLedgerNote'.
app/api/master/ledger-notes/route.ts(25,32): error TS2339: Property 'expenditure' does not exist on type 'DailyLedgerNote'.
app/api/master/ledger-notes/route.ts(35,58): error TS2353: Object literal may only specify known properties, and 'deposit' does not exist in type 'DailyLedgerNote'.
app/api/master/ledger-notes/route.ts(38,46): error TS2353: Object literal may only specify known properties, and 'deposit' does not exist in type 'DailyLedgerNote'.
app/api/search/route.ts(128,38): error TS7031: Binding element 'rawCylinders' implicitly has an 'any' type.
app/api/search/route.ts(219,41): error TS7031: Binding element 'customers' implicitly has an 'any' type.
app/api/work/charging/route.ts(57,55): error TS2339: Property 'name' does not exist on type '{}'.
app/api/work/charging/route.ts(58,52): error TS2339: Property 'color' does not exist on type '{}'.
app/api/work/charging/route.ts(62,48): error TS2339: Property 'name' does not exist on type '{}'.
app/api/work/delivery/route.ts(365,57): error TS7006: Parameter 'c' implicitly has an 'any' type.
app/api/work/delivery/route.ts(366,57): error TS7006: Parameter 'c' implicitly has an 'any' type.
app/api/work/delivery/route.ts(367,54): error TS7006: Parameter 'u' implicitly has an 'any' type.
app/api/work/delivery/route.ts(368,52): error TS7006: Parameter 'g' implicitly has an 'any' type.
app/api/work/delivery/route.ts(374,39): error TS2339: Property 'name' does not exist on type '{}'.
app/api/work/delivery/route.ts(374,57): error TS2339: Property 'color' does not exist on type '{}'.
app/api/work/delivery/route.ts(403,43): error TS2339: Property 'name' does not exist on type '{}'.
app/api/work/delivery/route.ts(405,34): error TS2339: Property 'name' does not exist on type '{}'.
app/api/work/delivery/route.ts(405,47): error TS2339: Property 'username' does not exist on type '{}'.
app/api/work/inspection/history/route.ts(86,53): error TS7006: Parameter 'g' implicitly has an 'any' type.
app/api/work/inspection/history/route.ts(89,51): error TS7006: Parameter 'u' implicitly has an 'any' type.
app/api/work/inspection/history/route.ts(107,48): error TS2339: Property 'name' does not exist on type '{}'.
app/api/work/inspection/history/route.ts(108,49): error TS2339: Property 'color' does not exist on type '{}'.
app/api/work/inspection/history/route.ts(110,43): error TS2339: Property 'name' does not exist on type '{}'.
app/auth/login/page.tsx(363,9): error TS2367: This comparison appears to be unintentional because the types '"error" | "idle"' and '"loading"' have no overlap.
components/UI/GlassCard.tsx(12,26): error TS7031: Binding element 'children' implicitly has an 'any' type.
components/UI/GlassCard.tsx(12,36): error TS7031: Binding element 'className' implicitly has an 'any' type.
components/UI/GlassCard.tsx(12,47): error TS7031: Binding element 'style' implicitly has an 'any' type.
components/UI/GlassCard.tsx(12,66): error TS7006: Parameter 'ref' implicitly has an 'any' type.
lib/smart-scan.ts(48,37): error TS7031: Binding element 'data' implicitly has an 'any' type.
lib/smart-scan.ts(68,37): error TS7031: Binding element 'data' implicitly has an 'any' type.
lib/smart-scan.ts(80,37): error TS7031: Binding element 'data' implicitly has an 'any' type.
